17-Apr-2023 14:32:26.711 SEVERE [Thread-1] org.apache.catalina.core.ApplicationFilterConfig.release Failed to destroy the filter named [Tomcat WebSocket (JSR356) Filter] of type [org.apache.tomcat.websocket.server.WsFilter]
	java.lang.AbstractMethodError: Receiver class org.apache.tomcat.websocket.server.WsFilter does not define or inherit an implementation of the resolved method 'abstract void destroy()' of interface javax.servlet.Filter.
		at org.apache.catalina.core.ApplicationFilterConfig.release(ApplicationFilterConfig.java:292)
		at org.apache.catalina.core.StandardContext.filterStop(StandardContext.java:4377)
		at org.apache.catalina.core.StandardContext.stopInternal(StandardContext.java:5164)
		at org.apache.catalina.util.LifecycleBase.stop(LifecycleBase.java:257)
		at org.apache.catalina.core.ContainerBase$StopChild.call(ContainerBase.java:1348)
		at org.apache.catalina.core.ContainerBase$StopChild.call(ContainerBase.java:1337)
		at java.base/java.util.concurrent.FutureTask.run(FutureTask.java:264)
		at org.apache.tomcat.util.threads.InlineExecutorService.execute(InlineExecutorService.java:75)
		at java.base/java.util.concurrent.AbstractExecutorService.submit(AbstractExecutorService.java:145)
		at org.apache.catalina.core.ContainerBase.stopInternal(ContainerBase.java:936)
		at org.apache.catalina.util.LifecycleBase.stop(LifecycleBase.java:257)
		at org.apache.catalina.core.ContainerBase$StopChild.call(ContainerBase.java:1348)
		at org.apache.catalina.core.ContainerBase$StopChild.call(ContainerBase.java:1337)
		at java.base/java.util.concurrent.FutureTask.run(FutureTask.java:264)
		at org.apache.tomcat.util.threads.InlineExecutorService.execute(InlineExecutorService.java:75)
		at java.base/java.util.concurrent.AbstractExecutorService.submit(AbstractExecutorService.java:145)
		at org.apache.catalina.core.ContainerBase.stopInternal(ContainerBase.java:936)
		at org.apache.catalina.util.LifecycleBase.stop(LifecycleBase.java:257)
		at org.apache.catalina.core.StandardService.stopInternal(StandardService.java:491)
		at org.apache.catalina.util.LifecycleBase.stop(LifecycleBase.java:257)
		at org.apache.catalina.core.StandardServer.stopInternal(StandardServer.java:970)
		at org.apache.catalina.util.LifecycleBase.stop(LifecycleBase.java:257)
		at org.apache.catalina.startup.Catalina.stop(Catalina.java:849)
		at org.apache.catalina.startup.Catalina$CatalinaShutdownHook.run(Catalina.java:996)
17-Apr-2023 14:32:26.711 SEVERE [Thread-1] org.apache.catalina.core.ApplicationFilterConfig.release Failed to destroy the filter named [CSRF] of type [org.apache.catalina.filters.CsrfPreventionFilter]
	java.lang.AbstractMethodError: Receiver class org.apache.catalina.filters.CsrfPreventionFilter does not define or inherit an implementation of the resolved method 'abstract void destroy()' of interface javax.servlet.Filter.
		at org.apache.catalina.core.ApplicationFilterConfig.release(ApplicationFilterConfig.java:292)
		at org.apache.catalina.core.StandardContext.filterStop(StandardContext.java:4377)
		at org.apache.catalina.core.StandardContext.stopInternal(StandardContext.java:5164)
		at org.apache.catalina.util.LifecycleBase.stop(LifecycleBase.java:257)
		at org.apache.catalina.core.ContainerBase$StopChild.call(ContainerBase.java:1348)
		at org.apache.catalina.core.ContainerBase$StopChild.call(ContainerBase.java:1337)
		at java.base/java.util.concurrent.FutureTask.run(FutureTask.java:264)
		at org.apache.tomcat.util.threads.InlineExecutorService.execute(InlineExecutorService.java:75)
		at java.base/java.util.concurrent.AbstractExecutorService.submit(AbstractExecutorService.java:145)
		at org.apache.catalina.core.ContainerBase.stopInternal(ContainerBase.java:936)
		at org.apache.catalina.util.LifecycleBase.stop(LifecycleBase.java:257)
		at org.apache.catalina.core.ContainerBase$StopChild.call(ContainerBase.java:1348)
		at org.apache.catalina.core.ContainerBase$StopChild.call(ContainerBase.java:1337)
		at java.base/java.util.concurrent.FutureTask.run(FutureTask.java:264)
		at org.apache.tomcat.util.threads.InlineExecutorService.execute(InlineExecutorService.java:75)
		at java.base/java.util.concurrent.AbstractExecutorService.submit(AbstractExecutorService.java:145)
		at org.apache.catalina.core.ContainerBase.stopInternal(ContainerBase.java:936)
		at org.apache.catalina.util.LifecycleBase.stop(LifecycleBase.java:257)
		at org.apache.catalina.core.StandardService.stopInternal(StandardService.java:491)
		at org.apache.catalina.util.LifecycleBase.stop(LifecycleBase.java:257)
		at org.apache.catalina.core.StandardServer.stopInternal(StandardServer.java:970)
		at org.apache.catalina.util.LifecycleBase.stop(LifecycleBase.java:257)
		at org.apache.catalina.startup.Catalina.stop(Catalina.java:849)
		at org.apache.catalina.startup.Catalina$CatalinaShutdownHook.run(Catalina.java:996)
17-Apr-2023 14:32:26.711 SEVERE [Thread-1] org.apache.catalina.core.ApplicationFilterConfig.release Failed to destroy the filter named [HTTP header security filter] of type [org.apache.catalina.filters.HttpHeaderSecurityFilter]
	java.lang.AbstractMethodError: Receiver class org.apache.catalina.filters.HttpHeaderSecurityFilter does not define or inherit an implementation of the resolved method 'abstract void destroy()' of interface javax.servlet.Filter.
		at org.apache.catalina.core.ApplicationFilterConfig.release(ApplicationFilterConfig.java:292)
		at org.apache.catalina.core.StandardContext.filterStop(StandardContext.java:4377)
		at org.apache.catalina.core.StandardContext.stopInternal(StandardContext.java:5164)
		at org.apache.catalina.util.LifecycleBase.stop(LifecycleBase.java:257)
		at org.apache.catalina.core.ContainerBase$StopChild.call(ContainerBase.java:1348)
		at org.apache.catalina.core.ContainerBase$StopChild.call(ContainerBase.java:1337)
		at java.base/java.util.concurrent.FutureTask.run(FutureTask.java:264)
		at org.apache.tomcat.util.threads.InlineExecutorService.execute(InlineExecutorService.java:75)
		at java.base/java.util.concurrent.AbstractExecutorService.submit(AbstractExecutorService.java:145)
		at org.apache.catalina.core.ContainerBase.stopInternal(ContainerBase.java:936)
		at org.apache.catalina.util.LifecycleBase.stop(LifecycleBase.java:257)
		at org.apache.catalina.core.ContainerBase$StopChild.call(ContainerBase.java:1348)
		at org.apache.catalina.core.ContainerBase$StopChild.call(ContainerBase.java:1337)
		at java.base/java.util.concurrent.FutureTask.run(FutureTask.java:264)
		at org.apache.tomcat.util.threads.InlineExecutorService.execute(InlineExecutorService.java:75)
		at java.base/java.util.concurrent.AbstractExecutorService.submit(AbstractExecutorService.java:145)
		at org.apache.catalina.core.ContainerBase.stopInternal(ContainerBase.java:936)
		at org.apache.catalina.util.LifecycleBase.stop(LifecycleBase.java:257)
		at org.apache.catalina.core.StandardService.stopInternal(StandardService.java:491)
		at org.apache.catalina.util.LifecycleBase.stop(LifecycleBase.java:257)
		at org.apache.catalina.core.StandardServer.stopInternal(StandardServer.java:970)
		at org.apache.catalina.util.LifecycleBase.stop(LifecycleBase.java:257)
		at org.apache.catalina.startup.Catalina.stop(Catalina.java:849)
		at org.apache.catalina.startup.Catalina$CatalinaShutdownHook.run(Catalina.java:996)
17-Apr-2023 14:38:00.273 SEVERE [Thread-1] org.apache.catalina.core.ApplicationFilterConfig.release Failed to destroy the filter named [Tomcat WebSocket (JSR356) Filter] of type [org.apache.tomcat.websocket.server.WsFilter]
	java.lang.AbstractMethodError: Receiver class org.apache.tomcat.websocket.server.WsFilter does not define or inherit an implementation of the resolved method 'abstract void destroy()' of interface javax.servlet.Filter.
		at org.apache.catalina.core.ApplicationFilterConfig.release(ApplicationFilterConfig.java:292)
		at org.apache.catalina.core.StandardContext.filterStop(StandardContext.java:4377)
		at org.apache.catalina.core.StandardContext.stopInternal(StandardContext.java:5164)
		at org.apache.catalina.util.LifecycleBase.stop(LifecycleBase.java:257)
		at org.apache.catalina.core.ContainerBase$StopChild.call(ContainerBase.java:1348)
		at org.apache.catalina.core.ContainerBase$StopChild.call(ContainerBase.java:1337)
		at java.base/java.util.concurrent.FutureTask.run(FutureTask.java:264)
		at org.apache.tomcat.util.threads.InlineExecutorService.execute(InlineExecutorService.java:75)
		at java.base/java.util.concurrent.AbstractExecutorService.submit(AbstractExecutorService.java:145)
		at org.apache.catalina.core.ContainerBase.stopInternal(ContainerBase.java:936)
		at org.apache.catalina.util.LifecycleBase.stop(LifecycleBase.java:257)
		at org.apache.catalina.core.ContainerBase$StopChild.call(ContainerBase.java:1348)
		at org.apache.catalina.core.ContainerBase$StopChild.call(ContainerBase.java:1337)
		at java.base/java.util.concurrent.FutureTask.run(FutureTask.java:264)
		at org.apache.tomcat.util.threads.InlineExecutorService.execute(InlineExecutorService.java:75)
		at java.base/java.util.concurrent.AbstractExecutorService.submit(AbstractExecutorService.java:145)
		at org.apache.catalina.core.ContainerBase.stopInternal(ContainerBase.java:936)
		at org.apache.catalina.util.LifecycleBase.stop(LifecycleBase.java:257)
		at org.apache.catalina.core.StandardService.stopInternal(StandardService.java:491)
		at org.apache.catalina.util.LifecycleBase.stop(LifecycleBase.java:257)
		at org.apache.catalina.core.StandardServer.stopInternal(StandardServer.java:970)
		at org.apache.catalina.util.LifecycleBase.stop(LifecycleBase.java:257)
		at org.apache.catalina.startup.Catalina.stop(Catalina.java:849)
		at org.apache.catalina.startup.Catalina$CatalinaShutdownHook.run(Catalina.java:996)
17-Apr-2023 14:38:00.273 SEVERE [Thread-1] org.apache.catalina.core.ApplicationFilterConfig.release Failed to destroy the filter named [CSRF] of type [org.apache.catalina.filters.CsrfPreventionFilter]
	java.lang.AbstractMethodError: Receiver class org.apache.catalina.filters.CsrfPreventionFilter does not define or inherit an implementation of the resolved method 'abstract void destroy()' of interface javax.servlet.Filter.
		at org.apache.catalina.core.ApplicationFilterConfig.release(ApplicationFilterConfig.java:292)
		at org.apache.catalina.core.StandardContext.filterStop(StandardContext.java:4377)
		at org.apache.catalina.core.StandardContext.stopInternal(StandardContext.java:5164)
		at org.apache.catalina.util.LifecycleBase.stop(LifecycleBase.java:257)
		at org.apache.catalina.core.ContainerBase$StopChild.call(ContainerBase.java:1348)
		at org.apache.catalina.core.ContainerBase$StopChild.call(ContainerBase.java:1337)
		at java.base/java.util.concurrent.FutureTask.run(FutureTask.java:264)
		at org.apache.tomcat.util.threads.InlineExecutorService.execute(InlineExecutorService.java:75)
		at java.base/java.util.concurrent.AbstractExecutorService.submit(AbstractExecutorService.java:145)
		at org.apache.catalina.core.ContainerBase.stopInternal(ContainerBase.java:936)
		at org.apache.catalina.util.LifecycleBase.stop(LifecycleBase.java:257)
		at org.apache.catalina.core.ContainerBase$StopChild.call(ContainerBase.java:1348)
		at org.apache.catalina.core.ContainerBase$StopChild.call(ContainerBase.java:1337)
		at java.base/java.util.concurrent.FutureTask.run(FutureTask.java:264)
		at org.apache.tomcat.util.threads.InlineExecutorService.execute(InlineExecutorService.java:75)
		at java.base/java.util.concurrent.AbstractExecutorService.submit(AbstractExecutorService.java:145)
		at org.apache.catalina.core.ContainerBase.stopInternal(ContainerBase.java:936)
		at org.apache.catalina.util.LifecycleBase.stop(LifecycleBase.java:257)
		at org.apache.catalina.core.StandardService.stopInternal(StandardService.java:491)
		at org.apache.catalina.util.LifecycleBase.stop(LifecycleBase.java:257)
		at org.apache.catalina.core.StandardServer.stopInternal(StandardServer.java:970)
		at org.apache.catalina.util.LifecycleBase.stop(LifecycleBase.java:257)
		at org.apache.catalina.startup.Catalina.stop(Catalina.java:849)
		at org.apache.catalina.startup.Catalina$CatalinaShutdownHook.run(Catalina.java:996)
17-Apr-2023 14:38:00.274 SEVERE [Thread-1] org.apache.catalina.core.ApplicationFilterConfig.release Failed to destroy the filter named [HTTP header security filter] of type [org.apache.catalina.filters.HttpHeaderSecurityFilter]
	java.lang.AbstractMethodError: Receiver class org.apache.catalina.filters.HttpHeaderSecurityFilter does not define or inherit an implementation of the resolved method 'abstract void destroy()' of interface javax.servlet.Filter.
		at org.apache.catalina.core.ApplicationFilterConfig.release(ApplicationFilterConfig.java:292)
		at org.apache.catalina.core.StandardContext.filterStop(StandardContext.java:4377)
		at org.apache.catalina.core.StandardContext.stopInternal(StandardContext.java:5164)
		at org.apache.catalina.util.LifecycleBase.stop(LifecycleBase.java:257)
		at org.apache.catalina.core.ContainerBase$StopChild.call(ContainerBase.java:1348)
		at org.apache.catalina.core.ContainerBase$StopChild.call(ContainerBase.java:1337)
		at java.base/java.util.concurrent.FutureTask.run(FutureTask.java:264)
		at org.apache.tomcat.util.threads.InlineExecutorService.execute(InlineExecutorService.java:75)
		at java.base/java.util.concurrent.AbstractExecutorService.submit(AbstractExecutorService.java:145)
		at org.apache.catalina.core.ContainerBase.stopInternal(ContainerBase.java:936)
		at org.apache.catalina.util.LifecycleBase.stop(LifecycleBase.java:257)
		at org.apache.catalina.core.ContainerBase$StopChild.call(ContainerBase.java:1348)
		at org.apache.catalina.core.ContainerBase$StopChild.call(ContainerBase.java:1337)
		at java.base/java.util.concurrent.FutureTask.run(FutureTask.java:264)
		at org.apache.tomcat.util.threads.InlineExecutorService.execute(InlineExecutorService.java:75)
		at java.base/java.util.concurrent.AbstractExecutorService.submit(AbstractExecutorService.java:145)
		at org.apache.catalina.core.ContainerBase.stopInternal(ContainerBase.java:936)
		at org.apache.catalina.util.LifecycleBase.stop(LifecycleBase.java:257)
		at org.apache.catalina.core.StandardService.stopInternal(StandardService.java:491)
		at org.apache.catalina.util.LifecycleBase.stop(LifecycleBase.java:257)
		at org.apache.catalina.core.StandardServer.stopInternal(StandardServer.java:970)
		at org.apache.catalina.util.LifecycleBase.stop(LifecycleBase.java:257)
		at org.apache.catalina.startup.Catalina.stop(Catalina.java:849)
		at org.apache.catalina.startup.Catalina$CatalinaShutdownHook.run(Catalina.java:996)
